build/app/outputs/mapping/release/mapping.txt
# compiler: R8
# compiler_version: 2.1.62
# min_api: 16
# pg_map_id: 2a75257
# common_typos_disable
...
io.flutter.embedding.engine.plugins.FlutterPlugin$FlutterAssets -> io.flutter.embedding.engine.i.a$a:
io.flutter.embedding.engine.plugins.FlutterPlugin$FlutterPluginBinding -> io.flutter.embedding.engine.i.a$b:
    android.content.Context applicationContext -> a
    io.flutter.plugin.common.BinaryMessenger binaryMessenger -> b
    android.content.Context getApplicationContext() -> a
    io.flutter.plugin.common.BinaryMessenger getBinaryMessenger() -> b
io.flutter.embedding.engine.plugins.PluginRegistry -> io.flutter.embedding.engine.i.b:
    void add(io.flutter.embedding.engine.plugins.FlutterPlugin) -> i
io.flutter.embedding.engine.plugins.activity.ActivityAware -> io.flutter.embedding.engine.i.c.a:
    void onDetachedFromActivity() -> a
    void onAttachedToActivity(io.flutter.embedding.engine.plugins.activity.ActivityPluginBinding) -> b
    void onReattachedToActivityForConfigChanges(io.flutter.embedding.engine.plugins.activity.ActivityPluginBinding) -> c
    void onDetachedFromActivityForConfigChanges() -> d
io.flutter.embedding.engine.plugins.activity.ActivityControlSurface -> io.flutter.embedding.engine.i.c.b:
    void onRestoreInstanceState(android.os.Bundle) -> a
    boolean onRequestPermissionsResult(int,java.lang.String[],int[]) -> b
    boolean onActivityResult(int,int,android.content.Intent) -> c
    void onNewIntent(android.content.Intent) -> d
    void onSaveInstanceState(android.os.Bundle) -> e
    void onUserLeaveHint() -> f
    void attachToActivity(io.flutter.embedding.android.ExclusiveAppComponent,androidx.lifecycle.Lifecycle) -> g
    void detachFromActivity() -> h
    void detachFromActivityForConfigChanges() -> j
io.flutter.embedding.engine.plugins.activity.ActivityPluginBinding -> io.flutter.embedding.engine.i.c.c:
io.flutter.embedding.engine.plugins.activity.ActivityPluginBinding$OnSaveInstanceStateListener -> io.flutter.embedding.engine.i.c.c$a:
    void onRestoreInstanceState(android.os.Bundle) -> a
    void onSaveInstanceState(android.os.Bundle) -> e
io.flutter.embedding.engine.plugins.broadcastreceiver.BroadcastReceiverAware -> io.flutter.embedding.engine.i.d.a:
    void onAttachedToBroadcastReceiver(io.flutter.embedding.engine.plugins.broadcastreceiver.BroadcastReceiverPluginBinding) -> a
    void onDetachedFromBroadcastReceiver() -> b
io.flutter.embedding.engine.plugins.broadcastreceiver.BroadcastReceiverPluginBinding -> io.flutter.embedding.engine.i.d.b:
io.flutter.embedding.engine.plugins.contentprovider.ContentProviderAware -> io.flutter.embedding.engine.i.e.a:
    void onAttachedToContentProvider(io.flutter.embedding.engine.plugins.contentprovider.ContentProviderPluginBinding) -> a
    void onDetachedFromContentProvider() -> b
io.flutter.embedding.engine.plugins.contentprovider.ContentProviderPluginBinding -> io.flutter.embedding.engine.i.e.b:
io.flutter.embedding.engine.plugins.service.ServiceAware -> io.flutter.embedding.engine.i.f.a:
    void onAttachedToService(io.flutter.embedding.engine.plugins.service.ServicePluginBinding) -> a
    void onDetachedFromService() -> b
io.flutter.embedding.engine.plugins.service.ServicePluginBinding -> io.flutter.embedding.engine.i.f.b:
io.flutter.embedding.engine.plugins.util.GeneratedPluginRegister -> io.flutter.embedding.engine.i.g.a:
    void registerGeneratedPlugins(io.flutter.embedding.engine.FlutterEngine) -> a