build/app/outputs/mapping/release/usage.txt
kotlin.sequences.SubSequence$iterator$1
androidx.loader.content.ModernAsyncTask$AsyncTaskResult
io.flutter.embedding.android.FlutterFragment$ActivityCallThrough
kotlin.collections.RingBuffer
kotlin.jvm.internal.BooleanCompanionObject
io.flutter.embedding.engine.systemchannels.SystemChannel:
    private static final java.lang.String TAG
androidx.core.view.OnReceiveContentListener
kotlin.jvm.internal.Ref$ObjectRef
androidx.lifecycle.Lifecycling$1:
    void <init>(androidx.lifecycle.LifecycleEventObserver)
io.github.ponnamkarthik.toast.fluttertoast.FlutterToastPlugin$Companion:
    public final void registerWith(io.flutter.plugin.common.PluginRegistry$Registrar)
androidx.fragment.app.FragmentViewLifecycleOwner
androidx.fragment.R$color
kotlin.reflect.WildcardTypeImpl$Companion
kotlin.properties.PropertyDelegateProvider
kotlin.sequences.SequencesKt__SequencesKt$generateSequence$2
androidx.fragment.app.FragmentManagerImpl$PopBackStackState
androidx.core.app.JobIntentService
androidx.lifecycle.ViewModelProvider$KeyedFactory
androidx.core.view.accessibility.AccessibilityViewCommand$SetTextArguments
androidx.fragment.app.Fragment$2:
    void <init>(androidx.fragment.app.Fragment)
kotlin.jvm.internal.CallableReference
androidx.fragment.app.FragmentTransaction$Op
androidx.core.view.inputmethod.EditorInfoCompat$Impl30
kotlin.reflect.KType
androidx.core.location.LocationManagerCompat$Api30Impl
androidx.core.view.ViewConfigurationCompat
kotlin.collections.ArraysKt___ArraysKt$asIterable$$inlined$Iterable$2
com.example.flutterapp.BuildConfig
androidx.core.os.HandlerCompat
kotlin.UIntArrayKt
kotlin.UIntArray
androidx.annotation.DimenRes
androidx.fragment.R$layout
androidx.core.app.NotificationCompat$MessagingStyle
kotlin.sequences.SequencesKt___SequencesKt$onEachIndexed$1
androidx.loader.R$drawable
kotlin.time.AbstractDoubleTimeSource$DoubleTimeMark
org.intellij.lang.annotations.JdkConstants$FlowLayoutAlignment
androidx.loader.R$id
androidx.viewpager.widget.ViewPager$2
kotlin.jvm.internal.AdaptedFunctionReference
kotlin.collections.CollectionsKt__CollectionsKt$binarySearchBy$1
androidx.fragment.R$attr
kotlin.io.FileTreeWalk$WalkState
kotlin.jvm.functions.Function11
io.flutter.view.FlutterView
kotlin.text.StringsKt__StringNumberConversionsKt
androidx.core.graphics.Insets
androidx.customview.widget.ViewDragHelper
androidx.core.view.accessibility.AccessibilityClickableSpanCompat
kotlin.jvm.internal.Intrinsics:
    public static java.lang.String stringPlus(java.lang.String,java.lang.Object)
    public static void checkNotNull(java.lang.Object,java.lang.String)
    public static void throwNpe()
    public static void throwNpe(java.lang.String)
    public static void throwJavaNpe(java.lang.String)
    public static void throwAssert()
    public static void throwAssert(java.lang.String)
    public static void throwIllegalArgument()
    public static void throwIllegalArgument(java.lang.String)
    public static void throwIllegalState()
    public static void throwIllegalState(java.lang.String)
    public static void checkExpressionValueIsNotNull(java.lang.Object,java.lang.String)
    public static void checkReturnedValueIsNotNull(java.lang.Object,java.lang.String,java.lang.String)
    public static void checkReturnedValueIsNotNull(java.lang.Object,java.lang.String)
    public static void checkFieldIsNotNull(java.lang.Object,java.lang.String,java.lang.String)
    public static void checkFieldIsNotNull(java.lang.Object,java.lang.String)
    public static void checkParameterIsNotNull(java.lang.Object,java.lang.String)
    private static void throwParameterIsNullIAE(java.lang.String)
    public static int compare(long,long)
    public static int compare(int,int)
    public static boolean areEqual(java.lang.Double,java.lang.Double)
    public static boolean areEqual(java.lang.Double,double)
    public static boolean areEqual(double,java.lang.Double)